Using pre-set license
Built from '2021.1/staging' branch; Version is '2021.1.7f1 (d91830b65d9b) revision 14227504'; Using compiler version '192528614'; Build Type 'Release'
OS: 'Windows 10 Pro; OS build 19042.985; Version 2009; 64bit' Language: 'en' Physical Memory: 16333 MB
BatchMode: 1, IsHumanControllingUs: 0, StartBugReporterOnCrash: 0, Is64bit: 1, IsPro: 0

 COMMAND LINE ARGUMENTS:
C:\Program Files\Unity\Hub\Editor\2021.1.7f1\Editor\Unity.exe
-adb2
-batchMode
-noUpm
-name
AssetImportWorker0
-projectPath
S:/My Unity Games/My RPG
-logFile
Logs/AssetImportWorker0.log
-srvPort
60803
Successfully changed project path to: S:/My Unity Games/My RPG
S:/My Unity Games/My RPG
Using Asset Import Pipeline V2.
Refreshing native plugins compatible for Editor in 71.72 ms, found 1 plugins.
Preloading 0 native plugins for Editor in 0.00 ms.
Initialize engine version: 2021.1.7f1 (d91830b65d9b)
[Subsystems] Discovering subsystems at path C:/Program Files/Unity/Hub/Editor/2021.1.7f1/Editor/Data/Resources/UnitySubsystems
[Subsystems] Discovering subsystems at path S:/My Unity Games/My RPG/Assets
GfxDevice: creating device client; threaded=0; jobified=0
Direct3D:
    Version:  Direct3D 11.0 [level 11.1]
    Renderer: NVIDIA GeForce RTX 2060 SUPER (ID=0x1f06)
    Vendor:   NVIDIA
    VRAM:     8031 MB
    Driver:   27.21.14.6647
Initialize mono
Mono path[0] = 'C:/Program Files/Unity/Hub/Editor/2021.1.7f1/Editor/Data/Managed'
Mono path[1] = 'C:/Program Files/Unity/Hub/Editor/2021.1.7f1/Editor/Data/MonoBleedingEdge/lib/mono/unityjit'
Mono config path = 'C:/Program Files/Unity/Hub/Editor/2021.1.7f1/Editor/Data/MonoBleedingEdge/etc'
Using monoOptions --debugger-agent=transport=dt_socket,embedding=1,server=y,suspend=n,address=127.0.0.1:56860
Begin MonoManager ReloadAssembly
Registering precompiled unity dll's ...
Register platform support module: C:/Program Files/Unity/Hub/Editor/2021.1.7f1/Editor/Data/PlaybackEngines/WindowsStandaloneSupport/UnityEditor.WindowsStandalone.Extensions.dll
Registered in 0.001425 seconds.
Native extension for WindowsStandalone target not found
Refreshing native plugins compatible for Editor in 74.35 ms, found 1 plugins.
Preloading 0 native plugins for Editor in 0.00 ms.
Mono: successfully reloaded assembly
- Completed reload, in  0.933 seconds
Platform modules already initialized, skipping
Registering precompiled user dll's ...
Registered in 0.001221 seconds.
Begin MonoManager ReloadAssembly
Native extension for WindowsStandalone target not found
Refreshing native plugins compatible for Editor in 73.90 ms, found 1 plugins.
Preloading 0 native plugins for Editor in 0.00 ms.
Mono: successfully reloaded assembly
- Completed reload, in  0.882 seconds
Platform modules already initialized, skipping
========================================================================
Worker process is ready to serve import requests
Launched and connected shader compiler UnityShaderCompiler.exe after 0.03 seconds
Refreshing native plugins compatible for Editor in 0.80 ms, found 1 plugins.
Preloading 0 native plugins for Editor in 0.00 ms.
Unloading 3065 Unused Serialized files (Serialized files now loaded: 0)
System memory in use before: 116.2 MB.
System memory in use after: 116.4 MB.

Unloading 16 unused Assets to reduce memory usage. Loaded Objects now: 3524.
Total: 2.261800 ms (FindLiveObjects: 0.350800 ms CreateObjectMapping: 0.094300 ms MarkObjects: 1.746700 ms  DeleteObjects: 0.069200 ms)

========================================================================
Received Import Request.
  path: Assets/Scripts/PlayerControls.inputactions
  artifactKey: Guid(ca0dfd1a7ff0b3544ae7ff08700f1ec7) Importer(815301076,1909f56bfc062723c751e8b465ee728b)
Start importing Assets/Scripts/PlayerControls.inputactions using Guid(ca0dfd1a7ff0b3544ae7ff08700f1ec7) Importer(815301076,1909f56bfc062723c751e8b465ee728b)  -> (artifact id: '3767fca300aeff1234886f8dadcb5187') in 0.029496 seconds 
========================================================================
Received Import Request.
  Time since last request: 43.216349 seconds.
  path: Assets/Scripts/PlayerControls.inputactions
  artifactKey: Guid(ca0dfd1a7ff0b3544ae7ff08700f1ec7) Importer(815301076,1909f56bfc062723c751e8b465ee728b)
Start importing Assets/Scripts/PlayerControls.inputactions using Guid(ca0dfd1a7ff0b3544ae7ff08700f1ec7) Importer(815301076,1909f56bfc062723c751e8b465ee728b)  -> (artifact id: 'ea039ee79bd616b6b5430e316709f117') in 0.003318 seconds 
========================================================================
Received Import Request.
  Time since last request: 9.510575 seconds.
  path: Assets/Scripts/PlayerController.cs
  artifactKey: Guid(691bf5a979e5c09428f1b5b557331019) Importer(815301076,1909f56bfc062723c751e8b465ee728b)
Start importing Assets/Scripts/PlayerController.cs using Guid(691bf5a979e5c09428f1b5b557331019) Importer(815301076,1909f56bfc062723c751e8b465ee728b)  -> (artifact id: 'c905d9094eef4a2a75ef76a8847b9e7d') in 0.008059 seconds 
========================================================================
Received Prepare
Registering precompiled user dll's ...
Registered in 0.002415 seconds.
Begin MonoManager ReloadAssembly
Native extension for WindowsStandalone target not found
Refreshing native plugins compatible for Editor in 0.57 ms, found 1 plugins.
Preloading 0 native plugins for Editor in 0.00 ms.
Mono: successfully reloaded assembly
- Completed reload, in  1.003 seconds
Platform modules already initialized, skipping
Refreshing native plugins compatible for Editor in 0.83 ms, found 1 plugins.
Preloading 0 native plugins for Editor in 0.00 ms.
Unloading 3037 Unused Serialized files (Serialized files now loaded: 0)
System memory in use before: 114.0 MB.
System memory in use after: 114.2 MB.

Unloading 9 unused Assets to reduce memory usage. Loaded Objects now: 3528.
Total: 2.514900 ms (FindLiveObjects: 0.293500 ms CreateObjectMapping: 0.080100 ms MarkObjects: 2.076700 ms  DeleteObjects: 0.063400 ms)

========================================================================
Received Import Request.
  Time since last request: 38.567843 seconds.
  path: Assets/Scripts/PlayerController.cs
  artifactKey: Guid(691bf5a979e5c09428f1b5b557331019) Importer(815301076,1909f56bfc062723c751e8b465ee728b)
Start importing Assets/Scripts/PlayerController.cs using Guid(691bf5a979e5c09428f1b5b557331019) Importer(815301076,1909f56bfc062723c751e8b465ee728b)  -> (artifact id: 'f1d8beae14a4966a47cc21a235da887f') in 0.005190 seconds 
========================================================================
Received Prepare
Registering precompiled user dll's ...
Registered in 0.001492 seconds.
Begin MonoManager ReloadAssembly
Native extension for WindowsStandalone target not found
Refreshing native plugins compatible for Editor in 0.57 ms, found 1 plugins.
Preloading 0 native plugins for Editor in 0.00 ms.
Mono: successfully reloaded assembly
- Completed reload, in  0.776 seconds
Platform modules already initialized, skipping
Refreshing native plugins compatible for Editor in 0.56 ms, found 1 plugins.
Preloading 0 native plugins for Editor in 0.00 ms.
Unloading 3037 Unused Serialized files (Serialized files now loaded: 0)
System memory in use before: 114.0 MB.
System memory in use after: 114.2 MB.

Unloading 9 unused Assets to reduce memory usage. Loaded Objects now: 3531.
Total: 2.189800 ms (FindLiveObjects: 0.251500 ms CreateObjectMapping: 0.085000 ms MarkObjects: 1.801200 ms  DeleteObjects: 0.050900 ms)

========================================================================
Received Import Request.
  Time since last request: 77.046875 seconds.
  path: Assets/Scripts/PlayerControls.inputactions
  artifactKey: Guid(ca0dfd1a7ff0b3544ae7ff08700f1ec7) Importer(815301076,1909f56bfc062723c751e8b465ee728b)
Start importing Assets/Scripts/PlayerControls.inputactions using Guid(ca0dfd1a7ff0b3544ae7ff08700f1ec7) Importer(815301076,1909f56bfc062723c751e8b465ee728b)  -> (artifact id: '8b98ba99e24e0879832bce27f2122799') in 0.017235 seconds 
========================================================================
Received Import Request.
  Time since last request: 5.266791 seconds.
  path: Assets/Scripts/PlayerControls.inputactions
  artifactKey: Guid(ca0dfd1a7ff0b3544ae7ff08700f1ec7) Importer(815301076,1909f56bfc062723c751e8b465ee728b)
Start importing Assets/Scripts/PlayerControls.inputactions using Guid(ca0dfd1a7ff0b3544ae7ff08700f1ec7) Importer(815301076,1909f56bfc062723c751e8b465ee728b)  -> (artifact id: '030d07de2950c9087f163df704148043') in 0.001831 seconds 
========================================================================
Received Prepare
Registering precompiled user dll's ...
Registered in 0.001491 seconds.
Begin MonoManager ReloadAssembly
Native extension for WindowsStandalone target not found
Refreshing native plugins compatible for Editor in 0.55 ms, found 1 plugins.
Preloading 0 native plugins for Editor in 0.00 ms.
Mono: successfully reloaded assembly
- Completed reload, in  0.767 seconds
Platform modules already initialized, skipping
Refreshing native plugins compatible for Editor in 0.57 ms, found 1 plugins.
Preloading 0 native plugins for Editor in 0.00 ms.
Unloading 3038 Unused Serialized files (Serialized files now loaded: 0)
System memory in use before: 114.1 MB.
System memory in use after: 114.3 MB.

Unloading 9 unused Assets to reduce memory usage. Loaded Objects now: 3535.
Total: 2.537800 ms (FindLiveObjects: 0.262100 ms CreateObjectMapping: 0.087600 ms MarkObjects: 2.139600 ms  DeleteObjects: 0.047700 ms)

========================================================================
Received Import Request.
  Time since last request: 721.516177 seconds.
  path: Assets/Scripts/PlayerControls.cs
  artifactKey: Guid(0b5a2cb0ad1f6484993097b727f0ac93) Importer(815301076,1909f56bfc062723c751e8b465ee728b)
Start importing Assets/Scripts/PlayerControls.cs using Guid(0b5a2cb0ad1f6484993097b727f0ac93) Importer(815301076,1909f56bfc062723c751e8b465ee728b)  -> (artifact id: '6899519bd87358fec4bed11abdd3098f') in 0.004970 seconds 
========================================================================
Received Prepare
Registering precompiled user dll's ...
Registered in 0.001642 seconds.
Begin MonoManager ReloadAssembly
Native extension for WindowsStandalone target not found
Refreshing native plugins compatible for Editor in 0.60 ms, found 1 plugins.
Preloading 0 native plugins for Editor in 0.00 ms.
Mono: successfully reloaded assembly
- Completed reload, in  0.787 seconds
Platform modules already initialized, skipping
Refreshing native plugins compatible for Editor in 0.54 ms, found 1 plugins.
Preloading 0 native plugins for Editor in 0.00 ms.
Unloading 3037 Unused Serialized files (Serialized files now loaded: 0)
System memory in use before: 114.1 MB.
System memory in use after: 114.3 MB.

Unloading 10 unused Assets to reduce memory usage. Loaded Objects now: 3537.
Total: 2.308200 ms (FindLiveObjects: 0.294700 ms CreateObjectMapping: 0.091500 ms MarkObjects: 1.869800 ms  DeleteObjects: 0.050800 ms)

========================================================================
Received Prepare
Registering precompiled user dll's ...
Registered in 0.001455 seconds.
Begin MonoManager ReloadAssembly
Native extension for WindowsStandalone target not found
Refreshing native plugins compatible for Editor in 0.57 ms, found 1 plugins.
Preloading 0 native plugins for Editor in 0.00 ms.
Mono: successfully reloaded assembly
- Completed reload, in  0.743 seconds
Platform modules already initialized, skipping
Refreshing native plugins compatible for Editor in 0.54 ms, found 1 plugins.
Preloading 0 native plugins for Editor in 0.00 ms.
Unloading 3037 Unused Serialized files (Serialized files now loaded: 0)
System memory in use before: 114.1 MB.
System memory in use after: 114.3 MB.

Unloading 9 unused Assets to reduce memory usage. Loaded Objects now: 3540.
Total: 2.292000 ms (FindLiveObjects: 0.236100 ms CreateObjectMapping: 0.086400 ms MarkObjects: 1.918300 ms  DeleteObjects: 0.050300 ms)

========================================================================
Received Import Request.
  Time since last request: 1128.391022 seconds.
  path: Assets/Scripts/Controls.inputactions
  artifactKey: Guid(7c5c3294e0b2894488ef369d1aa959db) Importer(815301076,1909f56bfc062723c751e8b465ee728b)
Start importing Assets/Scripts/Controls.inputactions using Guid(7c5c3294e0b2894488ef369d1aa959db) Importer(815301076,1909f56bfc062723c751e8b465ee728b)  -> (artifact id: '4de99bd53093cabb75bc22f49833dc26') in 0.020188 seconds 
========================================================================
Received Import Request.
  Time since last request: 27.900862 seconds.
  path: Assets/Scripts/Controls.inputactions
  artifactKey: Guid(7c5c3294e0b2894488ef369d1aa959db) Importer(815301076,1909f56bfc062723c751e8b465ee728b)
Start importing Assets/Scripts/Controls.inputactions using Guid(7c5c3294e0b2894488ef369d1aa959db) Importer(815301076,1909f56bfc062723c751e8b465ee728b)  -> (artifact id: 'b6a9777285df9c7520085d227e1acf41') in 0.003005 seconds 
========================================================================
Received Import Request.
  Time since last request: 3.295073 seconds.
  path: Assets/Scripts/Controls.inputactions
  artifactKey: Guid(7c5c3294e0b2894488ef369d1aa959db) Importer(815301076,1909f56bfc062723c751e8b465ee728b)
Start importing Assets/Scripts/Controls.inputactions using Guid(7c5c3294e0b2894488ef369d1aa959db) Importer(815301076,1909f56bfc062723c751e8b465ee728b)  -> (artifact id: '96f12e58198dedbf3a4d1706f7093fc6') in 0.001908 seconds 
========================================================================
Received Prepare
Registering precompiled user dll's ...
Registered in 0.001687 seconds.
Begin MonoManager ReloadAssembly
Native extension for WindowsStandalone target not found
Refreshing native plugins compatible for Editor in 0.56 ms, found 1 plugins.
Preloading 0 native plugins for Editor in 0.00 ms.
Mono: successfully reloaded assembly
- Completed reload, in  0.823 seconds
Platform modules already initialized, skipping
Refreshing native plugins compatible for Editor in 0.66 ms, found 1 plugins.
Preloading 0 native plugins for Editor in 0.00 ms.
Unloading 3038 Unused Serialized files (Serialized files now loaded: 0)
System memory in use before: 114.2 MB.
System memory in use after: 114.4 MB.

Unloading 9 unused Assets to reduce memory usage. Loaded Objects now: 3544.
Total: 2.451300 ms (FindLiveObjects: 0.327500 ms CreateObjectMapping: 0.092700 ms MarkObjects: 1.979900 ms  DeleteObjects: 0.050100 ms)

========================================================================
Received Prepare
Registering precompiled user dll's ...
Registered in 0.001537 seconds.
Begin MonoManager ReloadAssembly
Native extension for WindowsStandalone target not found
Refreshing native plugins compatible for Editor in 0.59 ms, found 1 plugins.
Preloading 0 native plugins for Editor in 0.00 ms.
Mono: successfully reloaded assembly
- Completed reload, in  0.795 seconds
Platform modules already initialized, skipping
Refreshing native plugins compatible for Editor in 0.63 ms, found 1 plugins.
Preloading 0 native plugins for Editor in 0.00 ms.
Unloading 3038 Unused Serialized files (Serialized files now loaded: 0)
System memory in use before: 114.2 MB.
System memory in use after: 114.4 MB.

Unloading 9 unused Assets to reduce memory usage. Loaded Objects now: 3547.
Total: 1.978800 ms (FindLiveObjects: 0.246400 ms CreateObjectMapping: 0.084100 ms MarkObjects: 1.608800 ms  DeleteObjects: 0.038200 ms)

========================================================================
Received Prepare
Registering precompiled user dll's ...
Registered in 0.001482 seconds.
Begin MonoManager ReloadAssembly
Native extension for WindowsStandalone target not found
Refreshing native plugins compatible for Editor in 0.56 ms, found 1 plugins.
Preloading 0 native plugins for Editor in 0.00 ms.
Mono: successfully reloaded assembly
- Completed reload, in  0.782 seconds
Platform modules already initialized, skipping
Refreshing native plugins compatible for Editor in 0.57 ms, found 1 plugins.
Preloading 0 native plugins for Editor in 0.00 ms.
Unloading 3038 Unused Serialized files (Serialized files now loaded: 0)
System memory in use before: 114.2 MB.
System memory in use after: 114.4 MB.

Unloading 9 unused Assets to reduce memory usage. Loaded Objects now: 3550.
Total: 2.076500 ms (FindLiveObjects: 0.286000 ms CreateObjectMapping: 0.088400 ms MarkObjects: 1.657200 ms  DeleteObjects: 0.043400 ms)

========================================================================
Received Import Request.
  Time since last request: 82.966426 seconds.
  path: Assets/Scripts/Controls.cs
  artifactKey: Guid(469e9cd8a92f88844aad29cc5c8c4af8) Importer(815301076,1909f56bfc062723c751e8b465ee728b)
Start importing Assets/Scripts/Controls.cs using Guid(469e9cd8a92f88844aad29cc5c8c4af8) Importer(815301076,1909f56bfc062723c751e8b465ee728b)  -> (artifact id: '6bc62024a8e6564ea80a1d7adb6c0e72') in 0.004722 seconds 
========================================================================
Received Prepare
Registering precompiled user dll's ...
Registered in 0.001512 seconds.
Begin MonoManager ReloadAssembly
Native extension for WindowsStandalone target not found
Refreshing native plugins compatible for Editor in 0.56 ms, found 1 plugins.
Preloading 0 native plugins for Editor in 0.00 ms.
Mono: successfully reloaded assembly
- Completed reload, in  0.762 seconds
Platform modules already initialized, skipping
Refreshing native plugins compatible for Editor in 0.56 ms, found 1 plugins.
Preloading 0 native plugins for Editor in 0.00 ms.
Unloading 3038 Unused Serialized files (Serialized files now loaded: 0)
System memory in use before: 114.2 MB.
System memory in use after: 114.4 MB.

Unloading 9 unused Assets to reduce memory usage. Loaded Objects now: 3553.
Total: 2.161500 ms (FindLiveObjects: 0.246200 ms CreateObjectMapping: 0.084900 ms MarkObjects: 1.780900 ms  DeleteObjects: 0.048700 ms)

========================================================================
Received Prepare
Registering precompiled user dll's ...
Registered in 0.001599 seconds.
Begin MonoManager ReloadAssembly
Native extension for WindowsStandalone target not found
Refreshing native plugins compatible for Editor in 0.57 ms, found 1 plugins.
Preloading 0 native plugins for Editor in 0.00 ms.
Mono: successfully reloaded assembly
- Completed reload, in  0.775 seconds
Platform modules already initialized, skipping
Refreshing native plugins compatible for Editor in 0.60 ms, found 1 plugins.
Preloading 0 native plugins for Editor in 0.00 ms.
Unloading 3038 Unused Serialized files (Serialized files now loaded: 0)
System memory in use before: 114.2 MB.
System memory in use after: 114.4 MB.

Unloading 9 unused Assets to reduce memory usage. Loaded Objects now: 3556.
Total: 2.196500 ms (FindLiveObjects: 0.281800 ms CreateObjectMapping: 0.080100 ms MarkObjects: 1.784400 ms  DeleteObjects: 0.049100 ms)

========================================================================
Received Prepare
Registering precompiled user dll's ...
Registered in 0.001430 seconds.
Begin MonoManager ReloadAssembly
Native extension for WindowsStandalone target not found
Refreshing native plugins compatible for Editor in 0.54 ms, found 1 plugins.
Preloading 0 native plugins for Editor in 0.00 ms.
Mono: successfully reloaded assembly
- Completed reload, in  0.747 seconds
Platform modules already initialized, skipping
Refreshing native plugins compatible for Editor in 0.63 ms, found 1 plugins.
Preloading 0 native plugins for Editor in 0.00 ms.
Unloading 3038 Unused Serialized files (Serialized files now loaded: 0)
System memory in use before: 114.2 MB.
System memory in use after: 114.4 MB.

Unloading 9 unused Assets to reduce memory usage. Loaded Objects now: 3559.
Total: 2.291600 ms (FindLiveObjects: 0.226200 ms CreateObjectMapping: 0.084400 ms MarkObjects: 1.931300 ms  DeleteObjects: 0.048700 ms)

========================================================================
Received Import Request.
  Time since last request: 254.041633 seconds.
  path: Assets/Scripts/Controls.inputactions
  artifactKey: Guid(7c5c3294e0b2894488ef369d1aa959db) Importer(815301076,1909f56bfc062723c751e8b465ee728b)
Start importing Assets/Scripts/Controls.inputactions using Guid(7c5c3294e0b2894488ef369d1aa959db) Importer(815301076,1909f56bfc062723c751e8b465ee728b)  -> (artifact id: 'd79b3df44a98162056b40dfd27b84481') in 0.023595 seconds 
========================================================================
Received Prepare
Registering precompiled user dll's ...
Registered in 0.001494 seconds.
Begin MonoManager ReloadAssembly
Native extension for WindowsStandalone target not found
Refreshing native plugins compatible for Editor in 0.55 ms, found 1 plugins.
Preloading 0 native plugins for Editor in 0.00 ms.
Mono: successfully reloaded assembly
- Completed reload, in  0.842 seconds
Platform modules already initialized, skipping
Refreshing native plugins compatible for Editor in 0.66 ms, found 1 plugins.
Preloading 0 native plugins for Editor in 0.00 ms.
Unloading 3038 Unused Serialized files (Serialized files now loaded: 0)
System memory in use before: 114.2 MB.
System memory in use after: 114.4 MB.

Unloading 9 unused Assets to reduce memory usage. Loaded Objects now: 3562.
Total: 2.295800 ms (FindLiveObjects: 0.256200 ms CreateObjectMapping: 0.085100 ms MarkObjects: 1.906800 ms  DeleteObjects: 0.046400 ms)

========================================================================
Received Prepare
Registering precompiled user dll's ...
Registered in 0.001782 seconds.
Begin MonoManager ReloadAssembly
Native extension for WindowsStandalone target not found
Refreshing native plugins compatible for Editor in 0.59 ms, found 1 plugins.
Preloading 0 native plugins for Editor in 0.00 ms.
Mono: successfully reloaded assembly
- Completed reload, in  0.783 seconds
Platform modules already initialized, skipping
Refreshing native plugins compatible for Editor in 0.54 ms, found 1 plugins.
Preloading 0 native plugins for Editor in 0.00 ms.
Unloading 3038 Unused Serialized files (Serialized files now loaded: 0)
System memory in use before: 114.2 MB.
System memory in use after: 114.4 MB.

Unloading 9 unused Assets to reduce memory usage. Loaded Objects now: 3565.
Total: 2.177200 ms (FindLiveObjects: 0.246200 ms CreateObjectMapping: 0.084300 ms MarkObjects: 1.799600 ms  DeleteObjects: 0.045800 ms)

========================================================================
Received Prepare
Registering precompiled user dll's ...
Registered in 0.001414 seconds.
Begin MonoManager ReloadAssembly
Native extension for WindowsStandalone target not found
Refreshing native plugins compatible for Editor in 0.57 ms, found 1 plugins.
Preloading 0 native plugins for Editor in 0.00 ms.
Mono: successfully reloaded assembly
- Completed reload, in  0.763 seconds
Platform modules already initialized, skipping
Refreshing native plugins compatible for Editor in 0.57 ms, found 1 plugins.
Preloading 0 native plugins for Editor in 0.00 ms.
Unloading 3038 Unused Serialized files (Serialized files now loaded: 0)
System memory in use before: 114.2 MB.
System memory in use after: 114.4 MB.

Unloading 9 unused Assets to reduce memory usage. Loaded Objects now: 3568.
Total: 2.304800 ms (FindLiveObjects: 0.242600 ms CreateObjectMapping: 0.175500 ms MarkObjects: 1.838300 ms  DeleteObjects: 0.047600 ms)

========================================================================
Received Prepare
Registering precompiled user dll's ...
Registered in 0.001509 seconds.
Begin MonoManager ReloadAssembly
Native extension for WindowsStandalone target not found
Refreshing native plugins compatible for Editor in 0.58 ms, found 1 plugins.
Preloading 0 native plugins for Editor in 0.00 ms.
Mono: successfully reloaded assembly
- Completed reload, in  0.780 seconds
Platform modules already initialized, skipping
Refreshing native plugins compatible for Editor in 0.55 ms, found 1 plugins.
Preloading 0 native plugins for Editor in 0.00 ms.
Unloading 3038 Unused Serialized files (Serialized files now loaded: 0)
System memory in use before: 114.2 MB.
System memory in use after: 114.4 MB.

Unloading 9 unused Assets to reduce memory usage. Loaded Objects now: 3571.
Total: 2.232200 ms (FindLiveObjects: 0.246600 ms CreateObjectMapping: 0.085000 ms MarkObjects: 1.851500 ms  DeleteObjects: 0.048200 ms)

========================================================================
Received Prepare
Registering precompiled user dll's ...
Registered in 0.001503 seconds.
Begin MonoManager ReloadAssembly
Native extension for WindowsStandalone target not found
Refreshing native plugins compatible for Editor in 0.56 ms, found 1 plugins.
Preloading 0 native plugins for Editor in 0.00 ms.
Mono: successfully reloaded assembly
- Completed reload, in  0.873 seconds
Platform modules already initialized, skipping
Refreshing native plugins compatible for Editor in 0.56 ms, found 1 plugins.
Preloading 0 native plugins for Editor in 0.00 ms.
Unloading 3038 Unused Serialized files (Serialized files now loaded: 0)
System memory in use before: 114.3 MB.
System memory in use after: 114.5 MB.

Unloading 9 unused Assets to reduce memory usage. Loaded Objects now: 3574.
Total: 2.525200 ms (FindLiveObjects: 0.274500 ms CreateObjectMapping: 0.095300 ms MarkObjects: 2.106900 ms  DeleteObjects: 0.047200 ms)

========================================================================
Received Prepare
Registering precompiled user dll's ...
Registered in 0.001772 seconds.
Begin MonoManager ReloadAssembly
Native extension for WindowsStandalone target not found
Refreshing native plugins compatible for Editor in 0.61 ms, found 1 plugins.
Preloading 0 native plugins for Editor in 0.00 ms.
Mono: successfully reloaded assembly
- Completed reload, in  0.772 seconds
Platform modules already initialized, skipping
Refreshing native plugins compatible for Editor in 0.75 ms, found 1 plugins.
Preloading 0 native plugins for Editor in 0.00 ms.
Unloading 3038 Unused Serialized files (Serialized files now loaded: 0)
System memory in use before: 114.3 MB.
System memory in use after: 114.5 MB.

Unloading 9 unused Assets to reduce memory usage. Loaded Objects now: 3577.
Total: 2.762400 ms (FindLiveObjects: 0.362500 ms CreateObjectMapping: 0.218800 ms MarkObjects: 2.127200 ms  DeleteObjects: 0.052900 ms)

========================================================================
Received Import Request.
  Time since last request: 244.670799 seconds.
  path: ProjectSettings/TagManager.asset
  artifactKey: Guid(00000000000000003000000000000000) Importer(815301076,1909f56bfc062723c751e8b465ee728b)
Start importing ProjectSettings/TagManager.asset using Guid(00000000000000003000000000000000) Importer(815301076,1909f56bfc062723c751e8b465ee728b)  -> (artifact id: 'ce6a35c3cddc746e7501c0bd0ed6d4ce') in 0.025046 seconds 
========================================================================
Received Import Request.
  Time since last request: 43.020573 seconds.
  path: Assets/Environment/Particles/Materials/GlowBall_CoreParticles.mat
  artifactKey: Guid(7a9c80219d6745841a501e0793b37325) Importer(815301076,1909f56bfc062723c751e8b465ee728b)
Start importing Assets/Environment/Particles/Materials/GlowBall_CoreParticles.mat using Guid(7a9c80219d6745841a501e0793b37325) Importer(815301076,1909f56bfc062723c751e8b465ee728b)  -> (artifact id: '177923d20c83e5e819afa996a7bd9530') in 0.076015 seconds 
========================================================================
Received Prepare
Registering precompiled user dll's ...
Registered in 0.001508 seconds.
Begin MonoManager ReloadAssembly
Native extension for WindowsStandalone target not found
Refreshing native plugins compatible for Editor in 0.71 ms, found 1 plugins.
Preloading 0 native plugins for Editor in 0.00 ms.
Mono: successfully reloaded assembly
- Completed reload, in  0.830 seconds
Platform modules already initialized, skipping
Refreshing native plugins compatible for Editor in 0.55 ms, found 1 plugins.
Preloading 0 native plugins for Editor in 0.00 ms.
Unloading 3039 Unused Serialized files (Serialized files now loaded: 0)
System memory in use before: 118.2 MB.
System memory in use after: 118.4 MB.

Unloading 11 unused Assets to reduce memory usage. Loaded Objects now: 3621.
Total: 2.429700 ms (FindLiveObjects: 0.367400 ms CreateObjectMapping: 0.185200 ms MarkObjects: 1.820900 ms  DeleteObjects: 0.054600 ms)

========================================================================
Received Import Request.
  Time since last request: 65.061119 seconds.
  path: Assets/Scripts/PlayerMotor.cs
  artifactKey: Guid(7b49902ee7cc67c4085d90bcb9657e70) Importer(815301076,1909f56bfc062723c751e8b465ee728b)
Start importing Assets/Scripts/PlayerMotor.cs using Guid(7b49902ee7cc67c4085d90bcb9657e70) Importer(815301076,1909f56bfc062723c751e8b465ee728b)  -> (artifact id: 'e669b36b7104741fde73922ff2cbd7f4') in 0.008103 seconds 
========================================================================
Received Prepare
Registering precompiled user dll's ...
Registered in 0.001467 seconds.
Begin MonoManager ReloadAssembly
Native extension for WindowsStandalone target not found
Refreshing native plugins compatible for Editor in 0.58 ms, found 1 plugins.
Preloading 0 native plugins for Editor in 0.00 ms.
Mono: successfully reloaded assembly
- Completed reload, in  0.764 seconds
Platform modules already initialized, skipping
Refreshing native plugins compatible for Editor in 0.54 ms, found 1 plugins.
Preloading 0 native plugins for Editor in 0.00 ms.
Unloading 3039 Unused Serialized files (Serialized files now loaded: 0)
System memory in use before: 118.2 MB.
System memory in use after: 118.4 MB.

Unloading 9 unused Assets to reduce memory usage. Loaded Objects now: 3624.
Total: 2.313500 ms (FindLiveObjects: 0.260700 ms CreateObjectMapping: 0.086100 ms MarkObjects: 1.918900 ms  DeleteObjects: 0.046800 ms)

========================================================================
Received Import Request.
  Time since last request: 129.363016 seconds.
  path: Assets/Scripts/PlayerMotor.cs
  artifactKey: Guid(7b49902ee7cc67c4085d90bcb9657e70) Importer(815301076,1909f56bfc062723c751e8b465ee728b)
Start importing Assets/Scripts/PlayerMotor.cs using Guid(7b49902ee7cc67c4085d90bcb9657e70) Importer(815301076,1909f56bfc062723c751e8b465ee728b)  -> (artifact id: '781b18cf279190f8db43b43e383b9906') in 0.006084 seconds 
========================================================================
Received Prepare
Registering precompiled user dll's ...
Registered in 0.001518 seconds.
Begin MonoManager ReloadAssembly
Native extension for WindowsStandalone target not found
Refreshing native plugins compatible for Editor in 0.54 ms, found 1 plugins.
Preloading 0 native plugins for Editor in 0.00 ms.
Mono: successfully reloaded assembly
- Completed reload, in  0.805 seconds
Platform modules already initialized, skipping
Refreshing native plugins compatible for Editor in 0.88 ms, found 1 plugins.
Preloading 0 native plugins for Editor in 0.00 ms.
Unloading 3039 Unused Serialized files (Serialized files now loaded: 0)
System memory in use before: 118.2 MB.
System memory in use after: 118.4 MB.

Unloading 9 unused Assets to reduce memory usage. Loaded Objects now: 3627.
Total: 2.569800 ms (FindLiveObjects: 0.245400 ms CreateObjectMapping: 0.087300 ms MarkObjects: 2.185600 ms  DeleteObjects: 0.050500 ms)

========================================================================
Received Prepare
Registering precompiled user dll's ...
Registered in 0.001518 seconds.
Begin MonoManager ReloadAssembly
Native extension for WindowsStandalone target not found
Refreshing native plugins compatible for Editor in 0.57 ms, found 1 plugins.
Preloading 0 native plugins for Editor in 0.00 ms.
Mono: successfully reloaded assembly
- Completed reload, in  0.832 seconds
Platform modules already initialized, skipping
Refreshing native plugins compatible for Editor in 0.60 ms, found 1 plugins.
Preloading 0 native plugins for Editor in 0.00 ms.
Unloading 3039 Unused Serialized files (Serialized files now loaded: 0)
System memory in use before: 118.2 MB.
System memory in use after: 118.4 MB.

Unloading 9 unused Assets to reduce memory usage. Loaded Objects now: 3630.
Total: 2.326100 ms (FindLiveObjects: 0.330400 ms CreateObjectMapping: 0.086100 ms MarkObjects: 1.860700 ms  DeleteObjects: 0.048000 ms)

========================================================================
Received Prepare
Registering precompiled user dll's ...
Registered in 0.001454 seconds.
Begin MonoManager ReloadAssembly
Native extension for WindowsStandalone target not found
Refreshing native plugins compatible for Editor in 0.58 ms, found 1 plugins.
Preloading 0 native plugins for Editor in 0.00 ms.
Mono: successfully reloaded assembly
- Completed reload, in  0.800 seconds
Platform modules already initialized, skipping
Refreshing native plugins compatible for Editor in 0.55 ms, found 1 plugins.
Preloading 0 native plugins for Editor in 0.00 ms.
Unloading 3039 Unused Serialized files (Serialized files now loaded: 0)
System memory in use before: 118.2 MB.
System memory in use after: 118.4 MB.

Unloading 9 unused Assets to reduce memory usage. Loaded Objects now: 3633.
Total: 2.265400 ms (FindLiveObjects: 0.319800 ms CreateObjectMapping: 0.089000 ms MarkObjects: 1.804300 ms  DeleteObjects: 0.051400 ms)

========================================================================
Received Prepare
Registering precompiled user dll's ...
Registered in 0.001525 seconds.
Begin MonoManager ReloadAssembly
Native extension for WindowsStandalone target not found
Refreshing native plugins compatible for Editor in 0.56 ms, found 1 plugins.
Preloading 0 native plugins for Editor in 0.00 ms.
Mono: successfully reloaded assembly
- Completed reload, in  0.802 seconds
Platform modules already initialized, skipping
Refreshing native plugins compatible for Editor in 0.57 ms, found 1 plugins.
Preloading 0 native plugins for Editor in 0.00 ms.
Unloading 3039 Unused Serialized files (Serialized files now loaded: 0)
System memory in use before: 118.2 MB.
System memory in use after: 118.4 MB.

Unloading 9 unused Assets to reduce memory usage. Loaded Objects now: 3636.
Total: 2.190100 ms (FindLiveObjects: 0.249900 ms CreateObjectMapping: 0.085300 ms MarkObjects: 1.806500 ms  DeleteObjects: 0.047500 ms)

========================================================================
Received Prepare
Registering precompiled user dll's ...
Registered in 0.001550 seconds.
Begin MonoManager ReloadAssembly
Native extension for WindowsStandalone target not found
Refreshing native plugins compatible for Editor in 0.58 ms, found 1 plugins.
Preloading 0 native plugins for Editor in 0.00 ms.
Mono: successfully reloaded assembly
- Completed reload, in  0.797 seconds
Platform modules already initialized, skipping
Refreshing native plugins compatible for Editor in 0.58 ms, found 1 plugins.
Preloading 0 native plugins for Editor in 0.00 ms.
Unloading 3039 Unused Serialized files (Serialized files now loaded: 0)
System memory in use before: 118.2 MB.
System memory in use after: 118.4 MB.

Unloading 9 unused Assets to reduce memory usage. Loaded Objects now: 3639.
Total: 2.423300 ms (FindLiveObjects: 0.266900 ms CreateObjectMapping: 0.086200 ms MarkObjects: 2.022000 ms  DeleteObjects: 0.046800 ms)

========================================================================
Received Prepare
Registering precompiled user dll's ...
Registered in 0.001489 seconds.
Begin MonoManager ReloadAssembly
Native extension for WindowsStandalone target not found
Refreshing native plugins compatible for Editor in 0.62 ms, found 1 plugins.
Preloading 0 native plugins for Editor in 0.00 ms.
Mono: successfully reloaded assembly
- Completed reload, in  0.786 seconds
Platform modules already initialized, skipping
Refreshing native plugins compatible for Editor in 0.54 ms, found 1 plugins.
Preloading 0 native plugins for Editor in 0.00 ms.
Unloading 3039 Unused Serialized files (Serialized files now loaded: 0)
System memory in use before: 118.2 MB.
System memory in use after: 118.4 MB.

Unloading 9 unused Assets to reduce memory usage. Loaded Objects now: 3642.
Total: 2.237400 ms (FindLiveObjects: 0.266400 ms CreateObjectMapping: 0.102000 ms MarkObjects: 1.820800 ms  DeleteObjects: 0.047200 ms)

========================================================================
Received Prepare
Registering precompiled user dll's ...
Registered in 0.001474 seconds.
Begin MonoManager ReloadAssembly
Native extension for WindowsStandalone target not found
Refreshing native plugins compatible for Editor in 0.54 ms, found 1 plugins.
Preloading 0 native plugins for Editor in 0.00 ms.
Mono: successfully reloaded assembly
- Completed reload, in  0.758 seconds
Platform modules already initialized, skipping
Refreshing native plugins compatible for Editor in 0.57 ms, found 1 plugins.
Preloading 0 native plugins for Editor in 0.00 ms.
Unloading 3039 Unused Serialized files (Serialized files now loaded: 0)
System memory in use before: 118.2 MB.
System memory in use after: 118.4 MB.

Unloading 9 unused Assets to reduce memory usage. Loaded Objects now: 3645.
Total: 2.482200 ms (FindLiveObjects: 0.272100 ms CreateObjectMapping: 0.087100 ms MarkObjects: 2.074800 ms  DeleteObjects: 0.047000 ms)

========================================================================
Received Import Request.
  Time since last request: 342.691219 seconds.
  path: Assets/Scripts/Controls.inputactions
  artifactKey: Guid(7c5c3294e0b2894488ef369d1aa959db) Importer(815301076,1909f56bfc062723c751e8b465ee728b)
Start importing Assets/Scripts/Controls.inputactions using Guid(7c5c3294e0b2894488ef369d1aa959db) Importer(815301076,1909f56bfc062723c751e8b465ee728b)  -> (artifact id: '56304658370fbda8c89953715c92cf23') in 0.028154 seconds 
========================================================================
Received Prepare
Registering precompiled user dll's ...
Registered in 0.001831 seconds.
Begin MonoManager ReloadAssembly
Native extension for WindowsStandalone target not found
Refreshing native plugins compatible for Editor in 0.59 ms, found 1 plugins.
Preloading 0 native plugins for Editor in 0.00 ms.
Mono: successfully reloaded assembly
- Completed reload, in  0.789 seconds
Platform modules already initialized, skipping
Refreshing native plugins compatible for Editor in 0.54 ms, found 1 plugins.
Preloading 0 native plugins for Editor in 0.00 ms.
Unloading 3039 Unused Serialized files (Serialized files now loaded: 0)
System memory in use before: 118.3 MB.
System memory in use after: 118.5 MB.

Unloading 9 unused Assets to reduce memory usage. Loaded Objects now: 3648.
Total: 2.487400 ms (FindLiveObjects: 0.354300 ms CreateObjectMapping: 0.220500 ms MarkObjects: 1.864800 ms  DeleteObjects: 0.046500 ms)

========================================================================
Received Prepare
Registering precompiled user dll's ...
Registered in 0.001537 seconds.
Begin MonoManager ReloadAssembly
Native extension for WindowsStandalone target not found
Refreshing native plugins compatible for Editor in 0.80 ms, found 1 plugins.
Preloading 0 native plugins for Editor in 0.00 ms.
Mono: successfully reloaded assembly
- Completed reload, in  0.778 seconds
Platform modules already initialized, skipping
Refreshing native plugins compatible for Editor in 0.55 ms, found 1 plugins.
Preloading 0 native plugins for Editor in 0.00 ms.
Unloading 3040 Unused Serialized files (Serialized files now loaded: 0)
System memory in use before: 118.3 MB.
System memory in use after: 118.5 MB.

Unloading 9 unused Assets to reduce memory usage. Loaded Objects now: 3652.
Total: 2.103900 ms (FindLiveObjects: 0.313600 ms CreateObjectMapping: 0.094600 ms MarkObjects: 1.653400 ms  DeleteObjects: 0.041400 ms)

========================================================================
Received Prepare
Registering precompiled user dll's ...
Registered in 0.001471 seconds.
Begin MonoManager ReloadAssembly
Native extension for WindowsStandalone target not found
Refreshing native plugins compatible for Editor in 0.56 ms, found 1 plugins.
Preloading 0 native plugins for Editor in 0.00 ms.
Mono: successfully reloaded assembly
- Completed reload, in  0.765 seconds
Platform modules already initialized, skipping
Refreshing native plugins compatible for Editor in 0.60 ms, found 1 plugins.
Preloading 0 native plugins for Editor in 0.00 ms.
Unloading 3040 Unused Serialized files (Serialized files now loaded: 0)
System memory in use before: 118.3 MB.
System memory in use after: 118.5 MB.

Unloading 9 unused Assets to reduce memory usage. Loaded Objects now: 3655.
Total: 2.349100 ms (FindLiveObjects: 0.259900 ms CreateObjectMapping: 0.102900 ms MarkObjects: 1.930000 ms  DeleteObjects: 0.055500 ms)

========================================================================
Received Import Request.
  Time since last request: 103.615583 seconds.
  path: Assets/Scripts/CameraController.cs
  artifactKey: Guid(f17da73a7d698c94c900421b6873e3db) Importer(815301076,1909f56bfc062723c751e8b465ee728b)
Start importing Assets/Scripts/CameraController.cs using Guid(f17da73a7d698c94c900421b6873e3db) Importer(815301076,1909f56bfc062723c751e8b465ee728b)  -> (artifact id: 'f75a23726be8d39590b45ba698f03a8f') in 0.010717 seconds 
========================================================================
Received Import Request.
  Time since last request: 104.868462 seconds.
  path: Assets/Scripts/CameraController.cs
  artifactKey: Guid(f17da73a7d698c94c900421b6873e3db) Importer(815301076,1909f56bfc062723c751e8b465ee728b)
Start importing Assets/Scripts/CameraController.cs using Guid(f17da73a7d698c94c900421b6873e3db) Importer(815301076,1909f56bfc062723c751e8b465ee728b)  -> (artifact id: 'fc6d77cd4a8c96272956758166334e7a') in 0.001486 seconds 
========================================================================
Received Prepare
Registering precompiled user dll's ...
Registered in 0.001874 seconds.
Begin MonoManager ReloadAssembly
Native extension for WindowsStandalone target not found
Refreshing native plugins compatible for Editor in 0.57 ms, found 1 plugins.
Preloading 0 native plugins for Editor in 0.00 ms.
Mono: successfully reloaded assembly
- Completed reload, in  0.808 seconds
Platform modules already initialized, skipping
Refreshing native plugins compatible for Editor in 0.63 ms, found 1 plugins.
Preloading 0 native plugins for Editor in 0.00 ms.
Unloading 3040 Unused Serialized files (Serialized files now loaded: 0)
System memory in use before: 118.3 MB.
System memory in use after: 118.5 MB.

Unloading 9 unused Assets to reduce memory usage. Loaded Objects now: 3658.
Total: 2.157100 ms (FindLiveObjects: 0.257100 ms CreateObjectMapping: 0.086000 ms MarkObjects: 1.771200 ms  DeleteObjects: 0.041400 ms)

========================================================================
Received Prepare
Registering precompiled user dll's ...
Registered in 0.001632 seconds.
Begin MonoManager ReloadAssembly
Native extension for WindowsStandalone target not found
Refreshing native plugins compatible for Editor in 0.55 ms, found 1 plugins.
Preloading 0 native plugins for Editor in 0.00 ms.
Mono: successfully reloaded assembly
- Completed reload, in  0.810 seconds
Platform modules already initialized, skipping
Refreshing native plugins compatible for Editor in 0.69 ms, found 1 plugins.
Preloading 0 native plugins for Editor in 0.00 ms.
Unloading 3040 Unused Serialized files (Serialized files now loaded: 0)
System memory in use before: 118.3 MB.
System memory in use after: 118.5 MB.

Unloading 9 unused Assets to reduce memory usage. Loaded Objects now: 3661.
Total: 2.571700 ms (FindLiveObjects: 0.263500 ms CreateObjectMapping: 0.086000 ms MarkObjects: 2.175400 ms  DeleteObjects: 0.045600 ms)

========================================================================
Received Prepare
Registering precompiled user dll's ...
Registered in 0.001634 seconds.
Begin MonoManager ReloadAssembly
Native extension for WindowsStandalone target not found
Refreshing native plugins compatible for Editor in 0.57 ms, found 1 plugins.
Preloading 0 native plugins for Editor in 0.00 ms.
Mono: successfully reloaded assembly
- Completed reload, in  0.754 seconds
Platform modules already initialized, skipping
Refreshing native plugins compatible for Editor in 0.54 ms, found 1 plugins.
Preloading 0 native plugins for Editor in 0.00 ms.
Unloading 3040 Unused Serialized files (Serialized files now loaded: 0)
System memory in use before: 118.3 MB.
System memory in use after: 118.5 MB.

Unloading 9 unused Assets to reduce memory usage. Loaded Objects now: 3664.
Total: 2.252000 ms (FindLiveObjects: 0.270500 ms CreateObjectMapping: 0.086200 ms MarkObjects: 1.845900 ms  DeleteObjects: 0.048300 ms)

========================================================================
Received Import Request.
  Time since last request: 233.727861 seconds.
  path: Assets/Scripts/Controls.inputactions
  artifactKey: Guid(7c5c3294e0b2894488ef369d1aa959db) Importer(815301076,1909f56bfc062723c751e8b465ee728b)
Start importing Assets/Scripts/Controls.inputactions using Guid(7c5c3294e0b2894488ef369d1aa959db) Importer(815301076,1909f56bfc062723c751e8b465ee728b)  -> (artifact id: '2ee810cb106c2a60c3ab41937aefda4a') in 0.023658 seconds 
========================================================================
Received Prepare
Registering precompiled user dll's ...
Registered in 0.001483 seconds.
Begin MonoManager ReloadAssembly
Native extension for WindowsStandalone target not found
Refreshing native plugins compatible for Editor in 0.58 ms, found 1 plugins.
Preloading 0 native plugins for Editor in 0.00 ms.
Mono: successfully reloaded assembly
- Completed reload, in  0.771 seconds
Platform modules already initialized, skipping
Refreshing native plugins compatible for Editor in 0.56 ms, found 1 plugins.
Preloading 0 native plugins for Editor in 0.00 ms.
Unloading 3040 Unused Serialized files (Serialized files now loaded: 0)
System memory in use before: 118.3 MB.
System memory in use after: 118.5 MB.

Unloading 9 unused Assets to reduce memory usage. Loaded Objects now: 3667.
Total: 2.271700 ms (FindLiveObjects: 0.263700 ms CreateObjectMapping: 0.087700 ms MarkObjects: 1.876000 ms  DeleteObjects: 0.043500 ms)

========================================================================
Received Prepare
Registering precompiled user dll's ...
Registered in 0.001431 seconds.
Begin MonoManager ReloadAssembly
Native extension for WindowsStandalone target not found
Refreshing native plugins compatible for Editor in 0.70 ms, found 1 plugins.
Preloading 0 native plugins for Editor in 0.00 ms.
Mono: successfully reloaded assembly
- Completed reload, in  0.799 seconds
Platform modules already initialized, skipping
Refreshing native plugins compatible for Editor in 0.55 ms, found 1 plugins.
Preloading 0 native plugins for Editor in 0.00 ms.
Unloading 3040 Unused Serialized files (Serialized files now loaded: 0)
System memory in use before: 118.3 MB.
System memory in use after: 118.5 MB.

Unloading 9 unused Assets to reduce memory usage. Loaded Objects now: 3670.
Total: 2.252400 ms (FindLiveObjects: 0.253800 ms CreateObjectMapping: 0.090600 ms MarkObjects: 1.860800 ms  DeleteObjects: 0.046100 ms)

========================================================================
Received Import Request.
  Time since last request: 248.828818 seconds.
  path: Assets/Scripts/ControlsManager.cs
  artifactKey: Guid(55dcb089819b8574089aa325ae7caee5) Importer(815301076,1909f56bfc062723c751e8b465ee728b)
Start importing Assets/Scripts/ControlsManager.cs using Guid(55dcb089819b8574089aa325ae7caee5) Importer(815301076,1909f56bfc062723c751e8b465ee728b)  -> (artifact id: '757771effdfc9c72bdd7f711dc747acb') in 0.009053 seconds 
========================================================================
Received Prepare
Registering precompiled user dll's ...
Registered in 0.001476 seconds.
Begin MonoManager ReloadAssembly
Native extension for WindowsStandalone target not found
Refreshing native plugins compatible for Editor in 0.57 ms, found 1 plugins.
Preloading 0 native plugins for Editor in 0.00 ms.
Mono: successfully reloaded assembly
- Completed reload, in  0.764 seconds
Platform modules already initialized, skipping
Refreshing native plugins compatible for Editor in 0.55 ms, found 1 plugins.
Preloading 0 native plugins for Editor in 0.00 ms.
Unloading 3041 Unused Serialized files (Serialized files now loaded: 0)
System memory in use before: 118.4 MB.
System memory in use after: 118.6 MB.

Unloading 9 unused Assets to reduce memory usage. Loaded Objects now: 3674.
Total: 2.254800 ms (FindLiveObjects: 0.255300 ms CreateObjectMapping: 0.096400 ms MarkObjects: 1.852700 ms  DeleteObjects: 0.049500 ms)

========================================================================
Received Import Request.
  Time since last request: 560.909762 seconds.
  path: Assets/Scripts/ControlsManager.cs
  artifactKey: Guid(55dcb089819b8574089aa325ae7caee5) Importer(815301076,1909f56bfc062723c751e8b465ee728b)
Start importing Assets/Scripts/ControlsManager.cs using Guid(55dcb089819b8574089aa325ae7caee5) Importer(815301076,1909f56bfc062723c751e8b465ee728b)  -> (artifact id: '7346f41c3d48952cdd0acca4e3893a08') in 0.005463 seconds 
========================================================================
Received Prepare
Registering precompiled user dll's ...
Registered in 0.001481 seconds.
Begin MonoManager ReloadAssembly
Native extension for WindowsStandalone target not found
Refreshing native plugins compatible for Editor in 0.60 ms, found 1 plugins.
Preloading 0 native plugins for Editor in 0.00 ms.
Mono: successfully reloaded assembly
- Completed reload, in  0.789 seconds
Platform modules already initialized, skipping
Refreshing native plugins compatible for Editor in 0.60 ms, found 1 plugins.
Preloading 0 native plugins for Editor in 0.00 ms.
Unloading 3041 Unused Serialized files (Serialized files now loaded: 0)
System memory in use before: 118.4 MB.
System memory in use after: 118.6 MB.

Unloading 9 unused Assets to reduce memory usage. Loaded Objects now: 3677.
Total: 2.108000 ms (FindLiveObjects: 0.267100 ms CreateObjectMapping: 0.088900 ms MarkObjects: 1.706100 ms  DeleteObjects: 0.044800 ms)

========================================================================
Received Prepare
Registering precompiled user dll's ...
Registered in 0.001415 seconds.
Begin MonoManager ReloadAssembly
Native extension for WindowsStandalone target not found
Refreshing native plugins compatible for Editor in 0.55 ms, found 1 plugins.
Preloading 0 native plugins for Editor in 0.00 ms.
Mono: successfully reloaded assembly
- Completed reload, in  0.744 seconds
Platform modules already initialized, skipping
Refreshing native plugins compatible for Editor in 0.58 ms, found 1 plugins.
Preloading 0 native plugins for Editor in 0.00 ms.
Unloading 3041 Unused Serialized files (Serialized files now loaded: 0)
System memory in use before: 118.4 MB.
System memory in use after: 118.6 MB.

Unloading 9 unused Assets to reduce memory usage. Loaded Objects now: 3680.
Total: 2.280300 ms (FindLiveObjects: 0.262100 ms CreateObjectMapping: 0.086800 ms MarkObjects: 1.880300 ms  DeleteObjects: 0.049900 ms)

========================================================================
Received Prepare
Registering precompiled user dll's ...
Registered in 0.001589 seconds.
Begin MonoManager ReloadAssembly
Native extension for WindowsStandalone target not found
Refreshing native plugins compatible for Editor in 0.57 ms, found 1 plugins.
Preloading 0 native plugins for Editor in 0.00 ms.
Mono: successfully reloaded assembly
- Completed reload, in  0.798 seconds
Platform modules already initialized, skipping
Refreshing native plugins compatible for Editor in 0.53 ms, found 1 plugins.
Preloading 0 native plugins for Editor in 0.00 ms.
Unloading 3041 Unused Serialized files (Serialized files now loaded: 0)
System memory in use before: 118.4 MB.
System memory in use after: 118.6 MB.

Unloading 9 unused Assets to reduce memory usage. Loaded Objects now: 3683.
Total: 2.268500 ms (FindLiveObjects: 0.241600 ms CreateObjectMapping: 0.085300 ms MarkObjects: 1.884800 ms  DeleteObjects: 0.055800 ms)

========================================================================
Received Prepare
Registering precompiled user dll's ...
Registered in 0.001594 seconds.
Begin MonoManager ReloadAssembly
Native extension for WindowsStandalone target not found
Refreshing native plugins compatible for Editor in 0.73 ms, found 1 plugins.
Preloading 0 native plugins for Editor in 0.00 ms.
Mono: successfully reloaded assembly
- Completed reload, in  0.778 seconds
Platform modules already initialized, skipping
Refreshing native plugins compatible for Editor in 0.58 ms, found 1 plugins.
Preloading 0 native plugins for Editor in 0.00 ms.
Unloading 3041 Unused Serialized files (Serialized files now loaded: 0)
System memory in use before: 118.4 MB.
System memory in use after: 118.6 MB.

Unloading 9 unused Assets to reduce memory usage. Loaded Objects now: 3686.
Total: 2.350000 ms (FindLiveObjects: 0.257900 ms CreateObjectMapping: 0.085100 ms MarkObjects: 1.965400 ms  DeleteObjects: 0.040500 ms)

========================================================================
Received Prepare
Registering precompiled user dll's ...
Registered in 0.001593 seconds.
Begin MonoManager ReloadAssembly
Native extension for WindowsStandalone target not found
Refreshing native plugins compatible for Editor in 0.71 ms, found 1 plugins.
Preloading 0 native plugins for Editor in 0.00 ms.
Mono: successfully reloaded assembly
- Completed reload, in  0.842 seconds
Platform modules already initialized, skipping
Refreshing native plugins compatible for Editor in 0.61 ms, found 1 plugins.
Preloading 0 native plugins for Editor in 0.00 ms.
Unloading 3041 Unused Serialized files (Serialized files now loaded: 0)
System memory in use before: 118.4 MB.
System memory in use after: 118.6 MB.

Unloading 9 unused Assets to reduce memory usage. Loaded Objects now: 3689.
Total: 2.437900 ms (FindLiveObjects: 0.342600 ms CreateObjectMapping: 0.146400 ms MarkObjects: 1.900600 ms  DeleteObjects: 0.047100 ms)

========================================================================
Received Import Request.
  Time since last request: 472.809689 seconds.
  path: Assets/Scripts/Controls.cs
  artifactKey: Guid(469e9cd8a92f88844aad29cc5c8c4af8) Importer(815301076,1909f56bfc062723c751e8b465ee728b)
Start importing Assets/Scripts/Controls.cs using Guid(469e9cd8a92f88844aad29cc5c8c4af8) Importer(815301076,1909f56bfc062723c751e8b465ee728b)  -> (artifact id: 'b753210cc0f98b3d303a562949455b0c') in 0.004635 seconds 
========================================================================
Received Prepare
Registering precompiled user dll's ...
Registered in 0.001486 seconds.
Begin MonoManager ReloadAssembly
Native extension for WindowsStandalone target not found
Refreshing native plugins compatible for Editor in 0.57 ms, found 1 plugins.
Preloading 0 native plugins for Editor in 0.00 ms.
Mono: successfully reloaded assembly
- Completed reload, in  0.766 seconds
Platform modules already initialized, skipping
Refreshing native plugins compatible for Editor in 0.57 ms, found 1 plugins.
Preloading 0 native plugins for Editor in 0.00 ms.
Unloading 3041 Unused Serialized files (Serialized files now loaded: 0)
System memory in use before: 118.4 MB.
System memory in use after: 118.6 MB.

Unloading 9 unused Assets to reduce memory usage. Loaded Objects now: 3692.
Total: 2.256700 ms (FindLiveObjects: 0.269900 ms CreateObjectMapping: 0.086000 ms MarkObjects: 1.856200 ms  DeleteObjects: 0.043600 ms)

========================================================================
Received Prepare
Registering precompiled user dll's ...
Registered in 0.001440 seconds.
Begin MonoManager ReloadAssembly
Native extension for WindowsStandalone target not found
Refreshing native plugins compatible for Editor in 0.55 ms, found 1 plugins.
Preloading 0 native plugins for Editor in 0.00 ms.
Mono: successfully reloaded assembly
- Completed reload, in  0.856 seconds
Platform modules already initialized, skipping
Refreshing native plugins compatible for Editor in 0.55 ms, found 1 plugins.
Preloading 0 native plugins for Editor in 0.00 ms.
Unloading 3041 Unused Serialized files (Serialized files now loaded: 0)
System memory in use before: 118.4 MB.
System memory in use after: 118.6 MB.

Unloading 9 unused Assets to reduce memory usage. Loaded Objects now: 3695.
Total: 2.082600 ms (FindLiveObjects: 0.273600 ms CreateObjectMapping: 0.086300 ms MarkObjects: 1.679300 ms  DeleteObjects: 0.042600 ms)

========================================================================
Received Prepare
Registering precompiled user dll's ...
Registered in 0.001486 seconds.
Begin MonoManager ReloadAssembly
Native extension for WindowsStandalone target not found
Refreshing native plugins compatible for Editor in 0.59 ms, found 1 plugins.
Preloading 0 native plugins for Editor in 0.00 ms.
Mono: successfully reloaded assembly
- Completed reload, in  0.790 seconds
Platform modules already initialized, skipping
Refreshing native plugins compatible for Editor in 0.62 ms, found 1 plugins.
Preloading 0 native plugins for Editor in 0.00 ms.
Unloading 3041 Unused Serialized files (Serialized files now loaded: 0)
System memory in use before: 118.4 MB.
System memory in use after: 118.6 MB.

Unloading 9 unused Assets to reduce memory usage. Loaded Objects now: 3698.
Total: 2.050900 ms (FindLiveObjects: 0.273400 ms CreateObjectMapping: 0.102200 ms MarkObjects: 1.634300 ms  DeleteObjects: 0.040000 ms)

========================================================================
Received Prepare
Registering precompiled user dll's ...
Registered in 0.001478 seconds.
Begin MonoManager ReloadAssembly
Native extension for WindowsStandalone target not found
Refreshing native plugins compatible for Editor in 0.64 ms, found 1 plugins.
Preloading 0 native plugins for Editor in 0.00 ms.
Mono: successfully reloaded assembly
- Completed reload, in  0.826 seconds
Platform modules already initialized, skipping
Refreshing native plugins compatible for Editor in 0.63 ms, found 1 plugins.
Preloading 0 native plugins for Editor in 0.00 ms.
Unloading 3041 Unused Serialized files (Serialized files now loaded: 0)
System memory in use before: 118.4 MB.
System memory in use after: 118.6 MB.

Unloading 9 unused Assets to reduce memory usage. Loaded Objects now: 3701.
Total: 2.246800 ms (FindLiveObjects: 0.264000 ms CreateObjectMapping: 0.089300 ms MarkObjects: 1.846100 ms  DeleteObjects: 0.046700 ms)

========================================================================
Received Prepare
Registering precompiled user dll's ...
Registered in 0.001551 seconds.
Begin MonoManager ReloadAssembly
Native extension for WindowsStandalone target not found
Refreshing native plugins compatible for Editor in 0.56 ms, found 1 plugins.
Preloading 0 native plugins for Editor in 0.00 ms.
Mono: successfully reloaded assembly
- Completed reload, in  0.784 seconds
Platform modules already initialized, skipping
Refreshing native plugins compatible for Editor in 0.62 ms, found 1 plugins.
Preloading 0 native plugins for Editor in 0.00 ms.
Unloading 3041 Unused Serialized files (Serialized files now loaded: 0)
System memory in use before: 118.4 MB.
System memory in use after: 118.6 MB.

Unloading 9 unused Assets to reduce memory usage. Loaded Objects now: 3704.
Total: 2.083100 ms (FindLiveObjects: 0.255300 ms CreateObjectMapping: 0.089200 ms MarkObjects: 1.694500 ms  DeleteObjects: 0.043300 ms)

========================================================================
Received Prepare
Registering precompiled user dll's ...
Registered in 0.001541 seconds.
Begin MonoManager ReloadAssembly
Native extension for WindowsStandalone target not found
Refreshing native plugins compatible for Editor in 0.57 ms, found 1 plugins.
Preloading 0 native plugins for Editor in 0.00 ms.
Mono: successfully reloaded assembly
- Completed reload, in  0.807 seconds
Platform modules already initialized, skipping
Refreshing native plugins compatible for Editor in 0.62 ms, found 1 plugins.
Preloading 0 native plugins for Editor in 0.00 ms.
Unloading 3041 Unused Serialized files (Serialized files now loaded: 0)
System memory in use before: 118.4 MB.
System memory in use after: 118.6 MB.

Unloading 9 unused Assets to reduce memory usage. Loaded Objects now: 3707.
Total: 2.280500 ms (FindLiveObjects: 0.265900 ms CreateObjectMapping: 0.086800 ms MarkObjects: 1.878300 ms  DeleteObjects: 0.048400 ms)

========================================================================
Received Prepare
Registering precompiled user dll's ...
Registered in 0.001471 seconds.
Begin MonoManager ReloadAssembly
Native extension for WindowsStandalone target not found
Refreshing native plugins compatible for Editor in 0.55 ms, found 1 plugins.
Preloading 0 native plugins for Editor in 0.00 ms.
Mono: successfully reloaded assembly
- Completed reload, in  0.778 seconds
Platform modules already initialized, skipping
Refreshing native plugins compatible for Editor in 0.54 ms, found 1 plugins.
Preloading 0 native plugins for Editor in 0.00 ms.
Unloading 3041 Unused Serialized files (Serialized files now loaded: 0)
System memory in use before: 118.4 MB.
System memory in use after: 118.6 MB.

Unloading 9 unused Assets to reduce memory usage. Loaded Objects now: 3710.
Total: 2.293200 ms (FindLiveObjects: 0.259500 ms CreateObjectMapping: 0.124800 ms MarkObjects: 1.862100 ms  DeleteObjects: 0.045700 ms)

========================================================================
Received Prepare
Registering precompiled user dll's ...
Registered in 0.002235 seconds.
Begin MonoManager ReloadAssembly
Native extension for WindowsStandalone target not found
Refreshing native plugins compatible for Editor in 0.55 ms, found 1 plugins.
Preloading 0 native plugins for Editor in 0.00 ms.
Mono: successfully reloaded assembly
- Completed reload, in  0.756 seconds
Platform modules already initialized, skipping
Refreshing native plugins compatible for Editor in 0.55 ms, found 1 plugins.
Preloading 0 native plugins for Editor in 0.00 ms.
Unloading 3041 Unused Serialized files (Serialized files now loaded: 0)
System memory in use before: 118.4 MB.
System memory in use after: 118.7 MB.

Unloading 9 unused Assets to reduce memory usage. Loaded Objects now: 3713.
Total: 2.380500 ms (FindLiveObjects: 0.326100 ms CreateObjectMapping: 0.150600 ms MarkObjects: 1.859300 ms  DeleteObjects: 0.043300 ms)

========================================================================
Received Import Request.
  Time since last request: 595.716676 seconds.
  path: Assets/Scripts/Controls.inputactions
  artifactKey: Guid(7c5c3294e0b2894488ef369d1aa959db) Importer(815301076,1909f56bfc062723c751e8b465ee728b)
Start importing Assets/Scripts/Controls.inputactions using Guid(7c5c3294e0b2894488ef369d1aa959db) Importer(815301076,1909f56bfc062723c751e8b465ee728b)  -> (artifact id: 'd8fc37affc857e6e73baea43ad249475') in 0.035812 seconds 
========================================================================
Received Prepare
Registering precompiled user dll's ...
Registered in 0.001487 seconds.
Begin MonoManager ReloadAssembly
Native extension for WindowsStandalone target not found
Refreshing native plugins compatible for Editor in 0.60 ms, found 1 plugins.
Preloading 0 native plugins for Editor in 0.00 ms.
Mono: successfully reloaded assembly
- Completed reload, in  0.823 seconds
Platform modules already initialized, skipping
Refreshing native plugins compatible for Editor in 0.60 ms, found 1 plugins.
Preloading 0 native plugins for Editor in 0.00 ms.
Unloading 3041 Unused Serialized files (Serialized files now loaded: 0)
System memory in use before: 118.5 MB.
System memory in use after: 118.7 MB.

Unloading 9 unused Assets to reduce memory usage. Loaded Objects now: 3716.
Total: 2.384800 ms (FindLiveObjects: 0.272200 ms CreateObjectMapping: 0.086800 ms MarkObjects: 1.976500 ms  DeleteObjects: 0.048300 ms)

========================================================================
Received Prepare
Registering precompiled user dll's ...
Registered in 0.001704 seconds.
Begin MonoManager ReloadAssembly
Native extension for WindowsStandalone target not found
Refreshing native plugins compatible for Editor in 0.57 ms, found 1 plugins.
Preloading 0 native plugins for Editor in 0.00 ms.
Mono: successfully reloaded assembly
- Completed reload, in  0.783 seconds
Platform modules already initialized, skipping
Refreshing native plugins compatible for Editor in 0.56 ms, found 1 plugins.
Preloading 0 native plugins for Editor in 0.00 ms.
Unloading 3041 Unused Serialized files (Serialized files now loaded: 0)
System memory in use before: 118.5 MB.
System memory in use after: 118.7 MB.

Unloading 9 unused Assets to reduce memory usage. Loaded Objects now: 3719.
Total: 2.430200 ms (FindLiveObjects: 0.256300 ms CreateObjectMapping: 0.086600 ms MarkObjects: 2.038700 ms  DeleteObjects: 0.047400 ms)

========================================================================
Received Prepare
Registering precompiled user dll's ...
Registered in 0.001569 seconds.
Begin MonoManager ReloadAssembly
Native extension for WindowsStandalone target not found
Refreshing native plugins compatible for Editor in 0.55 ms, found 1 plugins.
Preloading 0 native plugins for Editor in 0.00 ms.
Mono: successfully reloaded assembly
- Completed reload, in  0.739 seconds
Platform modules already initialized, skipping
Refreshing native plugins compatible for Editor in 0.54 ms, found 1 plugins.
Preloading 0 native plugins for Editor in 0.00 ms.
Unloading 3041 Unused Serialized files (Serialized files now loaded: 0)
System memory in use before: 118.5 MB.
System memory in use after: 118.7 MB.

Unloading 9 unused Assets to reduce memory usage. Loaded Objects now: 3722.
Total: 2.340200 ms (FindLiveObjects: 0.257900 ms CreateObjectMapping: 0.101100 ms MarkObjects: 1.936200 ms  DeleteObjects: 0.044200 ms)

========================================================================
Received Import Request.
  Time since last request: 320.084690 seconds.
  path: Assets/Scripts/Controls.inputactions
  artifactKey: Guid(7c5c3294e0b2894488ef369d1aa959db) Importer(815301076,1909f56bfc062723c751e8b465ee728b)
Start importing Assets/Scripts/Controls.inputactions using Guid(7c5c3294e0b2894488ef369d1aa959db) Importer(815301076,1909f56bfc062723c751e8b465ee728b)  -> (artifact id: '253203b3e9096ad1b66625ccd542074e') in 0.020067 seconds 
========================================================================
Received Prepare
Registering precompiled user dll's ...
Registered in 0.001566 seconds.
Begin MonoManager ReloadAssembly
Native extension for WindowsStandalone target not found
Refreshing native plugins compatible for Editor in 0.58 ms, found 1 plugins.
Preloading 0 native plugins for Editor in 0.00 ms.
Mono: successfully reloaded assembly
- Completed reload, in  0.791 seconds
Platform modules already initialized, skipping
Refreshing native plugins compatible for Editor in 0.59 ms, found 1 plugins.
Preloading 0 native plugins for Editor in 0.00 ms.
Unloading 3041 Unused Serialized files (Serialized files now loaded: 0)
System memory in use before: 118.5 MB.
System memory in use after: 118.7 MB.

Unloading 9 unused Assets to reduce memory usage. Loaded Objects now: 3725.
Total: 2.362100 ms (FindLiveObjects: 0.274400 ms CreateObjectMapping: 0.087000 ms MarkObjects: 1.954300 ms  DeleteObjects: 0.045600 ms)

========================================================================
Received Prepare
Registering precompiled user dll's ...
Registered in 0.001502 seconds.
Begin MonoManager ReloadAssembly
Native extension for WindowsStandalone target not found
Refreshing native plugins compatible for Editor in 0.55 ms, found 1 plugins.
Preloading 0 native plugins for Editor in 0.00 ms.
Mono: successfully reloaded assembly
- Completed reload, in  0.754 seconds
Platform modules already initialized, skipping
Refreshing native plugins compatible for Editor in 0.59 ms, found 1 plugins.
Preloading 0 native plugins for Editor in 0.00 ms.
Unloading 3041 Unused Serialized files (Serialized files now loaded: 0)
System memory in use before: 118.5 MB.
System memory in use after: 118.7 MB.

Unloading 9 unused Assets to reduce memory usage. Loaded Objects now: 3728.
Total: 2.141800 ms (FindLiveObjects: 0.288500 ms CreateObjectMapping: 0.087200 ms MarkObjects: 1.720300 ms  DeleteObjects: 0.044600 ms)

========================================================================
Received Prepare
Registering precompiled user dll's ...
Registered in 0.001746 seconds.
Begin MonoManager ReloadAssembly
Native extension for WindowsStandalone target not found
Refreshing native plugins compatible for Editor in 0.80 ms, found 1 plugins.
Preloading 0 native plugins for Editor in 0.00 ms.
Mono: successfully reloaded assembly
- Completed reload, in  0.816 seconds
Platform modules already initialized, skipping
Refreshing native plugins compatible for Editor in 0.54 ms, found 1 plugins.
Preloading 0 native plugins for Editor in 0.00 ms.
Unloading 3041 Unused Serialized files (Serialized files now loaded: 0)
System memory in use before: 118.5 MB.
System memory in use after: 118.7 MB.

Unloading 9 unused Assets to reduce memory usage. Loaded Objects now: 3731.
Total: 2.447200 ms (FindLiveObjects: 0.257200 ms CreateObjectMapping: 0.087200 ms MarkObjects: 2.049300 ms  DeleteObjects: 0.052300 ms)

========================================================================
Received Prepare
Registering precompiled user dll's ...
Registered in 0.001521 seconds.
Begin MonoManager ReloadAssembly
Native extension for WindowsStandalone target not found
Refreshing native plugins compatible for Editor in 0.56 ms, found 1 plugins.
Preloading 0 native plugins for Editor in 0.00 ms.
Mono: successfully reloaded assembly
- Completed reload, in  0.758 seconds
Platform modules already initialized, skipping
Refreshing native plugins compatible for Editor in 0.55 ms, found 1 plugins.
Preloading 0 native plugins for Editor in 0.00 ms.
Unloading 3041 Unused Serialized files (Serialized files now loaded: 0)
System memory in use before: 118.5 MB.
System memory in use after: 118.7 MB.

Unloading 9 unused Assets to reduce memory usage. Loaded Objects now: 3734.
Total: 2.334400 ms (FindLiveObjects: 0.272000 ms CreateObjectMapping: 0.084900 ms MarkObjects: 1.928700 ms  DeleteObjects: 0.047900 ms)

========================================================================
Received Prepare
Registering precompiled user dll's ...
Registered in 0.001408 seconds.
Begin MonoManager ReloadAssembly
Native extension for WindowsStandalone target not found
Refreshing native plugins compatible for Editor in 0.55 ms, found 1 plugins.
Preloading 0 native plugins for Editor in 0.00 ms.
Mono: successfully reloaded assembly
- Completed reload, in  0.770 seconds
Platform modules already initialized, skipping
Refreshing native plugins compatible for Editor in 0.58 ms, found 1 plugins.
Preloading 0 native plugins for Editor in 0.00 ms.
Unloading 3041 Unused Serialized files (Serialized files now loaded: 0)
System memory in use before: 118.5 MB.
System memory in use after: 118.7 MB.

Unloading 9 unused Assets to reduce memory usage. Loaded Objects now: 3737.
Total: 2.198500 ms (FindLiveObjects: 0.268000 ms CreateObjectMapping: 0.088600 ms MarkObjects: 1.797900 ms  DeleteObjects: 0.043000 ms)

========================================================================
Received Import Request.
  Time since last request: 117.405270 seconds.
  path: Assets/Scripts/Controls.inputactions
  artifactKey: Guid(7c5c3294e0b2894488ef369d1aa959db) Importer(815301076,1909f56bfc062723c751e8b465ee728b)
Start importing Assets/Scripts/Controls.inputactions using Guid(7c5c3294e0b2894488ef369d1aa959db) Importer(815301076,1909f56bfc062723c751e8b465ee728b)  -> (artifact id: '0b7e37e95b44f9ad6a498a3b5df93db5') in 0.019974 seconds 
========================================================================
Received Prepare
Registering precompiled user dll's ...
Registered in 0.001448 seconds.
Begin MonoManager ReloadAssembly
Native extension for WindowsStandalone target not found
Refreshing native plugins compatible for Editor in 0.71 ms, found 1 plugins.
Preloading 0 native plugins for Editor in 0.00 ms.
Mono: successfully reloaded assembly
- Completed reload, in  0.822 seconds
Platform modules already initialized, skipping
Refreshing native plugins compatible for Editor in 0.57 ms, found 1 plugins.
Preloading 0 native plugins for Editor in 0.00 ms.
Unloading 3041 Unused Serialized files (Serialized files now loaded: 0)
System memory in use before: 118.5 MB.
System memory in use after: 118.7 MB.

Unloading 9 unused Assets to reduce memory usage. Loaded Objects now: 3740.
Total: 2.353500 ms (FindLiveObjects: 0.267800 ms CreateObjectMapping: 0.088300 ms MarkObjects: 1.941400 ms  DeleteObjects: 0.055000 ms)

========================================================================
Received Import Request.
  Time since last request: 162.967049 seconds.
  path: Assets/Scripts/Controls.inputactions
  artifactKey: Guid(7c5c3294e0b2894488ef369d1aa959db) Importer(815301076,1909f56bfc062723c751e8b465ee728b)
Start importing Assets/Scripts/Controls.inputactions using Guid(7c5c3294e0b2894488ef369d1aa959db) Importer(815301076,1909f56bfc062723c751e8b465ee728b)  -> (artifact id: '5155d26b9f9efe0d972d682706016bf8') in 0.018116 seconds 
========================================================================
Received Prepare
Registering precompiled user dll's ...
Registered in 0.001579 seconds.
Begin MonoManager ReloadAssembly
Native extension for WindowsStandalone target not found
Refreshing native plugins compatible for Editor in 0.55 ms, found 1 plugins.
Preloading 0 native plugins for Editor in 0.00 ms.
Mono: successfully reloaded assembly
- Completed reload, in  0.763 seconds
Platform modules already initialized, skipping
Refreshing native plugins compatible for Editor in 0.76 ms, found 1 plugins.
Preloading 0 native plugins for Editor in 0.00 ms.
Unloading 3041 Unused Serialized files (Serialized files now loaded: 0)
System memory in use before: 118.5 MB.
System memory in use after: 118.7 MB.

Unloading 9 unused Assets to reduce memory usage. Loaded Objects now: 3743.
Total: 2.305500 ms (FindLiveObjects: 0.270500 ms CreateObjectMapping: 0.085600 ms MarkObjects: 1.903400 ms  DeleteObjects: 0.045100 ms)

========================================================================
Received Prepare
Registering precompiled user dll's ...
Registered in 0.001529 seconds.
Begin MonoManager ReloadAssembly
Native extension for WindowsStandalone target not found
Refreshing native plugins compatible for Editor in 0.56 ms, found 1 plugins.
Preloading 0 native plugins for Editor in 0.00 ms.
Mono: successfully reloaded assembly
- Completed reload, in  0.779 seconds
Platform modules already initialized, skipping
Refreshing native plugins compatible for Editor in 0.56 ms, found 1 plugins.
Preloading 0 native plugins for Editor in 0.00 ms.
Unloading 3041 Unused Serialized files (Serialized files now loaded: 0)
System memory in use before: 118.5 MB.
System memory in use after: 118.7 MB.

Unloading 9 unused Assets to reduce memory usage. Loaded Objects now: 3746.
Total: 2.283700 ms (FindLiveObjects: 0.257100 ms CreateObjectMapping: 0.086600 ms MarkObjects: 1.893800 ms  DeleteObjects: 0.045100 ms)

========================================================================
Received Import Request.
  Time since last request: 41.963663 seconds.
  path: Assets/Scripts/Controls.inputactions
  artifactKey: Guid(7c5c3294e0b2894488ef369d1aa959db) Importer(815301076,1909f56bfc062723c751e8b465ee728b)
Start importing Assets/Scripts/Controls.inputactions using Guid(7c5c3294e0b2894488ef369d1aa959db) Importer(815301076,1909f56bfc062723c751e8b465ee728b)  -> (artifact id: '23e9ea85e3302bb4734ba93935b717f8') in 0.016918 seconds 
========================================================================
Received Prepare
Registering precompiled user dll's ...
Registered in 0.001652 seconds.
Begin MonoManager ReloadAssembly
Native extension for WindowsStandalone target not found
Refreshing native plugins compatible for Editor in 0.55 ms, found 1 plugins.
Preloading 0 native plugins for Editor in 0.00 ms.
Mono: successfully reloaded assembly
- Completed reload, in  0.754 seconds
Platform modules already initialized, skipping
Refreshing native plugins compatible for Editor in 0.56 ms, found 1 plugins.
Preloading 0 native plugins for Editor in 0.00 ms.
Unloading 3041 Unused Serialized files (Serialized files now loaded: 0)
System memory in use before: 118.5 MB.
System memory in use after: 118.8 MB.

Unloading 9 unused Assets to reduce memory usage. Loaded Objects now: 3749.
Total: 2.268400 ms (FindLiveObjects: 0.279800 ms CreateObjectMapping: 0.086200 ms MarkObjects: 1.854000 ms  DeleteObjects: 0.047300 ms)

========================================================================
Received Prepare
Registering precompiled user dll's ...
Registered in 0.001564 seconds.
Begin MonoManager ReloadAssembly
Native extension for WindowsStandalone target not found
Refreshing native plugins compatible for Editor in 0.56 ms, found 1 plugins.
Preloading 0 native plugins for Editor in 0.00 ms.
Mono: successfully reloaded assembly
- Completed reload, in  0.770 seconds
Platform modules already initialized, skipping
Refreshing native plugins compatible for Editor in 0.57 ms, found 1 plugins.
Preloading 0 native plugins for Editor in 0.00 ms.
Unloading 3041 Unused Serialized files (Serialized files now loaded: 0)
System memory in use before: 118.6 MB.
System memory in use after: 118.8 MB.

Unloading 9 unused Assets to reduce memory usage. Loaded Objects now: 3752.
Total: 2.361000 ms (FindLiveObjects: 0.279800 ms CreateObjectMapping: 0.086600 ms MarkObjects: 1.945400 ms  DeleteObjects: 0.047900 ms)

AssetImportWorkerClient::OnTransportError - code=2 error=End of file
