Using pre-set license
Built from '2021.1/staging' branch; Version is '2021.1.7f1 (d91830b65d9b) revision 14227504'; Using compiler version '192528614'; Build Type 'Release'
OS: 'Windows 10 Pro; OS build 19042.985; Version 2009; 64bit' Language: 'en' Physical Memory: 16333 MB
BatchMode: 1, IsHumanControllingUs: 0, StartBugReporterOnCrash: 0, Is64bit: 1, IsPro: 0

 COMMAND LINE ARGUMENTS:
C:\Program Files\Unity\Hub\Editor\2021.1.7f1\Editor\Unity.exe
-adb2
-batchMode
-noUpm
-name
AssetImportWorker0
-projectPath
S:/My Unity Games/My RPG
-logFile
Logs/AssetImportWorker0.log
-srvPort
61115
Successfully changed project path to: S:/My Unity Games/My RPG
S:/My Unity Games/My RPG
Using Asset Import Pipeline V2.
Refreshing native plugins compatible for Editor in 79.48 ms, found 1 plugins.
Preloading 0 native plugins for Editor in 0.00 ms.
Initialize engine version: 2021.1.7f1 (d91830b65d9b)
[Subsystems] Discovering subsystems at path C:/Program Files/Unity/Hub/Editor/2021.1.7f1/Editor/Data/Resources/UnitySubsystems
[Subsystems] Discovering subsystems at path S:/My Unity Games/My RPG/Assets
GfxDevice: creating device client; threaded=0; jobified=0
Direct3D:
    Version:  Direct3D 11.0 [level 11.1]
    Renderer: NVIDIA GeForce RTX 2060 SUPER (ID=0x1f06)
    Vendor:   NVIDIA
    VRAM:     8031 MB
    Driver:   27.21.14.6647
Initialize mono
Mono path[0] = 'C:/Program Files/Unity/Hub/Editor/2021.1.7f1/Editor/Data/Managed'
Mono path[1] = 'C:/Program Files/Unity/Hub/Editor/2021.1.7f1/Editor/Data/MonoBleedingEdge/lib/mono/unityjit'
Mono config path = 'C:/Program Files/Unity/Hub/Editor/2021.1.7f1/Editor/Data/MonoBleedingEdge/etc'
Using monoOptions --debugger-agent=transport=dt_socket,embedding=1,server=y,suspend=n,address=127.0.0.1:56192
Begin MonoManager ReloadAssembly
Registering precompiled unity dll's ...
Register platform support module: C:/Program Files/Unity/Hub/Editor/2021.1.7f1/Editor/Data/PlaybackEngines/WindowsStandaloneSupport/UnityEditor.WindowsStandalone.Extensions.dll
Registered in 0.001479 seconds.
Native extension for WindowsStandalone target not found
Refreshing native plugins compatible for Editor in 72.22 ms, found 1 plugins.
Preloading 0 native plugins for Editor in 0.00 ms.
Mono: successfully reloaded assembly
- Completed reload, in  0.964 seconds
Platform modules already initialized, skipping
Registering precompiled user dll's ...
Registered in 0.001269 seconds.
Begin MonoManager ReloadAssembly
Symbol file LoadedFromMemory doesn't match image S:\My Unity Games\My RPG\Library\PackageCache\com.unity.visualscripting@1.6.1\Editor\VisualScripting.Core\Dependencies\YamlDotNet\Unity.VisualScripting.YamlDotNet.dll
Symbol file LoadedFromMemory doesn't match image S:\My Unity Games\My RPG\Library\PackageCache\com.unity.visualscripting@1.6.1\Editor\VisualScripting.Core\Dependencies\DotNetZip\Unity.VisualScripting.IonicZip.dll
Native extension for WindowsStandalone target not found
Refreshing native plugins compatible for Editor in 0.74 ms, found 1 plugins.
Preloading 0 native plugins for Editor in 0.00 ms.
Mono: successfully reloaded assembly
- Completed reload, in  1.085 seconds
Platform modules already initialized, skipping
========================================================================
Worker process is ready to serve import requests
Launched and connected shader compiler UnityShaderCompiler.exe after 0.04 seconds
Refreshing native plugins compatible for Editor in 0.78 ms, found 1 plugins.
Preloading 0 native plugins for Editor in 0.00 ms.
Unloading 2769 Unused Serialized files (Serialized files now loaded: 0)
System memory in use before: 105.9 MB.
System memory in use after: 106.1 MB.

Unloading 14 unused Assets to reduce memory usage. Loaded Objects now: 3223.
Total: 2.009300 ms (FindLiveObjects: 0.244700 ms CreateObjectMapping: 0.072500 ms MarkObjects: 1.622500 ms  DeleteObjects: 0.068000 ms)

========================================================================
Received Import Request.
  path: Assets/Environment/Example.unity
  artifactKey: Guid(93f3bc3a6fb0a6d42ac99d6f4d15642c) Importer(815301076,1909f56bfc062723c751e8b465ee728b)
Start importing Assets/Environment/Example.unity using Guid(93f3bc3a6fb0a6d42ac99d6f4d15642c) Importer(815301076,1909f56bfc062723c751e8b465ee728b)  -> (artifact id: '7e1a0816cbaadb5c70d5aa8f3a148931') in 0.014812 seconds 
========================================================================
Received Import Request.
  Time since last request: 0.000219 seconds.
  path: Assets/Environment/CC.asset
  artifactKey: Guid(bc7ef57070e716341add7384478da609) Importer(815301076,1909f56bfc062723c751e8b465ee728b)
Start importing Assets/Environment/CC.asset using Guid(bc7ef57070e716341add7384478da609) Importer(815301076,1909f56bfc062723c751e8b465ee728b)  -> (artifact id: 'd6c9d5e6e1b5c215fabdaef3b5562a80') in 0.034841 seconds 
========================================================================
Received Import Request.
  Time since last request: 0.000201 seconds.
  path: Assets/Environment
  artifactKey: Guid(4e4df48c138590b4390c8432f23a5326) Importer(815301076,1909f56bfc062723c751e8b465ee728b)
Start importing Assets/Environment using Guid(4e4df48c138590b4390c8432f23a5326) Importer(815301076,1909f56bfc062723c751e8b465ee728b)  -> (artifact id: '93302e404a239f0e125968f81df350ac') in 0.006152 seconds 
========================================================================
Received Prepare
Refreshing native plugins compatible for Editor in 1.24 ms, found 1 plugins.
Preloading 0 native plugins for Editor in 0.00 ms.
Unloading 7 Unused Serialized files (Serialized files now loaded: 0)
System memory in use before: 49.6 MB.
System memory in use after: 49.8 MB.

Unloading 7 unused Assets to reduce memory usage. Loaded Objects now: 3223.
Total: 2.345000 ms (FindLiveObjects: 0.225000 ms CreateObjectMapping: 0.070100 ms MarkObjects: 1.891900 ms  DeleteObjects: 0.157200 ms)

AssetImportParameters requested are different than current active one (requested -> active):
  colorSpace: 1 -> 0
========================================================================
Received Import Request.
  Time since last request: 124.701154 seconds.
  path: Assets/Main.unity
  artifactKey: Guid(93f3bc3a6fb0a6d42ac99d6f4d15642c) Importer(815301076,1909f56bfc062723c751e8b465ee728b)
Start importing Assets/Main.unity using Guid(93f3bc3a6fb0a6d42ac99d6f4d15642c) Importer(815301076,1909f56bfc062723c751e8b465ee728b)  -> (artifact id: '1fe1ad9d3ce31f71c87ab10561e01148') in 0.011515 seconds 
========================================================================
Received Import Request.
  Time since last request: 6.918758 seconds.
  path: Assets/Scenes
  artifactKey: Guid(d1bd2deb6f6eb9d40844f7f0a91804c9) Importer(815301076,1909f56bfc062723c751e8b465ee728b)
Start importing Assets/Scenes using Guid(d1bd2deb6f6eb9d40844f7f0a91804c9) Importer(815301076,1909f56bfc062723c751e8b465ee728b)  -> (artifact id: 'b619363e5b7dca62af963786c4b471e8') in 0.005159 seconds 
========================================================================
Received Import Request.
  Time since last request: 2.629421 seconds.
  path: Assets/Scenes/SampleScene.unity
  artifactKey: Guid(9fc0d4010bbf28b4594072e72b8655ab) Importer(815301076,1909f56bfc062723c751e8b465ee728b)
Start importing Assets/Scenes/SampleScene.unity using Guid(9fc0d4010bbf28b4594072e72b8655ab) Importer(815301076,1909f56bfc062723c751e8b465ee728b)  -> (artifact id: '85059f4f9e1a832ed95adaa0d25c5c4c') in 0.005690 seconds 
========================================================================
Received Import Request.
  Time since last request: 474.218659 seconds.
  path: Assets/Environment/Models
  artifactKey: Guid(61a547a123a745d4297d60e18a3e5d4c) Importer(815301076,1909f56bfc062723c751e8b465ee728b)
Start importing Assets/Environment/Models using Guid(61a547a123a745d4297d60e18a3e5d4c) Importer(815301076,1909f56bfc062723c751e8b465ee728b)  -> (artifact id: 'b98967d3ab314eeb698925ddaf2f0d13') in 0.005430 seconds 
========================================================================
Received Import Request.
  Time since last request: 0.019659 seconds.
  path: Assets/Environment/Models/BaseEnvironment.blend
  artifactKey: Guid(ae02a22f1b8d14810a92c3d05d1e9072) Importer(815301076,1909f56bfc062723c751e8b465ee728b)
Start importing Assets/Environment/Models/BaseEnvironment.blend using Guid(ae02a22f1b8d14810a92c3d05d1e9072) Importer(815301076,1909f56bfc062723c751e8b465ee728b)  -> (artifact id: 'f0349373fdd0132cda9fb679f9bcdd1f') in 0.269178 seconds 
========================================================================
Received Import Request.
  Time since last request: 0.000131 seconds.
  path: Assets/Environment/Models/Tree 01.blend
  artifactKey: Guid(b2b9a31b76e54409cb67dcdf905d34e6) Importer(815301076,1909f56bfc062723c751e8b465ee728b)
Start importing Assets/Environment/Models/Tree 01.blend using Guid(b2b9a31b76e54409cb67dcdf905d34e6) Importer(815301076,1909f56bfc062723c751e8b465ee728b)  -> (artifact id: '56e02a50e715210adc580fa5e91e0878') in 0.013563 seconds 
========================================================================
Received Import Request.
  Time since last request: 0.000201 seconds.
  path: Assets/Environment/Models/Tree 02.blend
  artifactKey: Guid(bd4b5db5f48124a5bba473b348e43b25) Importer(815301076,1909f56bfc062723c751e8b465ee728b)
Start importing Assets/Environment/Models/Tree 02.blend using Guid(bd4b5db5f48124a5bba473b348e43b25) Importer(815301076,1909f56bfc062723c751e8b465ee728b)  -> (artifact id: '707f675b2d8ef53e483e155ceb945756') in 0.013984 seconds 
========================================================================
Received Import Request.
  Time since last request: 4.314929 seconds.
  path: Assets/Environment/Models/Campfire
  artifactKey: Guid(d4dfeb24913ce2742ba3a2d108ca0d90) Importer(815301076,1909f56bfc062723c751e8b465ee728b)
Start importing Assets/Environment/Models/Campfire using Guid(d4dfeb24913ce2742ba3a2d108ca0d90) Importer(815301076,1909f56bfc062723c751e8b465ee728b)  -> (artifact id: 'c306b2ef88e7bfd35a77522e4709f28a') in 0.005130 seconds 
========================================================================
Received Import Request.
  Time since last request: 0.067283 seconds.
  path: Assets/Environment/Models/Campfire/Campfire.fbx
  artifactKey: Guid(b32d69822580d39458759da41c6a784f) Importer(815301076,1909f56bfc062723c751e8b465ee728b)
Start importing Assets/Environment/Models/Campfire/Campfire.fbx using Guid(b32d69822580d39458759da41c6a784f) Importer(815301076,1909f56bfc062723c751e8b465ee728b)  -> (artifact id: 'ae2642a2cf5fd16e23180cc03e87d938') in 0.126778 seconds 
========================================================================
Received Import Request.
  Time since last request: 1.530315 seconds.
  path: Assets/Environment/Models/Campfire/Materials
  artifactKey: Guid(e3db9002543a3554ca4a022c8c76c918) Importer(815301076,1909f56bfc062723c751e8b465ee728b)
Start importing Assets/Environment/Models/Campfire/Materials using Guid(e3db9002543a3554ca4a022c8c76c918) Importer(815301076,1909f56bfc062723c751e8b465ee728b)  -> (artifact id: '48c59840cad7f22bef7044df97384fdb') in 0.004812 seconds 
========================================================================
Received Import Request.
  Time since last request: 0.048402 seconds.
  path: Assets/Environment/Models/Campfire/Materials/Logs_Diffuse.mat
  artifactKey: Guid(1ce5a89e9815a554ebb1d54ed30037c7) Importer(815301076,1909f56bfc062723c751e8b465ee728b)
Start importing Assets/Environment/Models/Campfire/Materials/Logs_Diffuse.mat using Guid(1ce5a89e9815a554ebb1d54ed30037c7) Importer(815301076,1909f56bfc062723c751e8b465ee728b)  -> (artifact id: 'c4dd31ba880770a2bdb097acd227b93d') in 0.029281 seconds 
========================================================================
Received Import Request.
  Time since last request: 0.000130 seconds.
  path: Assets/Environment/Models/Campfire/Materials/StoneBase_Diffuse.mat
  artifactKey: Guid(2ba488e6ff749334c8dca8b8e0bfb2db) Importer(815301076,1909f56bfc062723c751e8b465ee728b)
Start importing Assets/Environment/Models/Campfire/Materials/StoneBase_Diffuse.mat using Guid(2ba488e6ff749334c8dca8b8e0bfb2db) Importer(815301076,1909f56bfc062723c751e8b465ee728b)  -> (artifact id: '7cd58cb694071e90bc36f10329ca9ff7') in 0.010646 seconds 
========================================================================
Received Import Request.
  Time since last request: 480.576462 seconds.
  path: Assets
  artifactKey: Guid(00000000000000001000000000000000) Importer(815301076,1909f56bfc062723c751e8b465ee728b)
Start importing Assets using Guid(00000000000000001000000000000000) Importer(815301076,1909f56bfc062723c751e8b465ee728b)  -> (artifact id: '42d402b061de3733987d63b9cc3b64de') in 0.005080 seconds 
========================================================================
Received Import Request.
  Time since last request: 7.671038 seconds.
  path: Assets/Scripts
  artifactKey: Guid(78b14cb26b887654987ae6dd98c349e1) Importer(815301076,1909f56bfc062723c751e8b465ee728b)
Start importing Assets/Scripts using Guid(78b14cb26b887654987ae6dd98c349e1) Importer(815301076,1909f56bfc062723c751e8b465ee728b)  -> (artifact id: '51dd0afc98f0b02e37e262471a55e505') in 0.005097 seconds 
========================================================================
Received Prepare
Registering precompiled user dll's ...
Registered in 0.001613 seconds.
Begin MonoManager ReloadAssembly
Symbol file LoadedFromMemory doesn't match image S:\My Unity Games\My RPG\Library\PackageCache\com.unity.visualscripting@1.6.1\Editor\VisualScripting.Core\Dependencies\YamlDotNet\Unity.VisualScripting.YamlDotNet.dll
Symbol file LoadedFromMemory doesn't match image S:\My Unity Games\My RPG\Library\PackageCache\com.unity.visualscripting@1.6.1\Editor\VisualScripting.Core\Dependencies\DotNetZip\Unity.VisualScripting.IonicZip.dll
Native extension for WindowsStandalone target not found
Refreshing native plugins compatible for Editor in 0.58 ms, found 1 plugins.
Preloading 0 native plugins for Editor in 0.00 ms.
Mono: successfully reloaded assembly
- Completed reload, in  0.613 seconds
Platform modules already initialized, skipping
Refreshing native plugins compatible for Editor in 0.61 ms, found 1 plugins.
Preloading 0 native plugins for Editor in 0.00 ms.
Unloading 3036 Unused Serialized files (Serialized files now loaded: 0)
System memory in use before: 116.3 MB.
System memory in use after: 116.5 MB.

Unloading 8 unused Assets to reduce memory usage. Loaded Objects now: 3562.
Total: 1.890100 ms (FindLiveObjects: 0.242900 ms CreateObjectMapping: 0.083200 ms MarkObjects: 1.505000 ms  DeleteObjects: 0.058100 ms)

AssetImportParameters requested are different than current active one (requested -> active):
  colorSpace: 1 -> 0
AssetImportWorkerClient::OnTransportError - code=2 error=End of file
